#
# A fatal error has been detected by the Java Runtime Environment:
#
#  SIGSEGV (0xb) at pc=0x000000010d2232b0, pid=23571, tid=16643
#
# JRE version: Java(TM) SE Runtime Environment (8.0_25-b17) (build 1.8.0_25-b17)
# Java VM: Java HotSpot(TM) 64-Bit Server VM (25.25-b02 mixed mode bsd-amd64 compressed oops)
# Problematic frame:
# V  [libjvm.dylib+0x4232b0]
#
# Failed to write core dump. Core dumps have been disabled. To enable core dumping, try "ulimit -c unlimited" before starting Java again
#
# If you would like to submit a bug report, please visit:
#   http://bugreport.sun.com/bugreport/crash.jsp
#

---------------  T H R E A D  ---------------

Current thread (0x00007fa6f281f000):  JavaThread "JDWP Transport Listener: dt_socket" daemon [_thread_in_vm, id=16643, stack(0x0000000125827000,0x0000000125927000)]

siginfo: si_signo: 11 (SIGSEGV), si_code: 1 (SEGV_MAPERR), si_addr: 0x0000000400000004

Registers:
RAX=0x0000000000000001, RBX=0x0000000125926a8b, RCX=0x000000010d5d6c80, RDX=0x0000000125926a8b
RSP=0x00000001259269d0, RBP=0x00000001259269e0, RSI=0x00007fa6f281f000, RDI=0x0000000400000004
R8 =0x0000000000000000, R9 =0x00007fa6f2400000, R10=0x0000000000000010, R11=0x00007fa6f2400000
R12=0x00007fa6f281f000, R13=0x0000000400000004, R14=0x0000000400000004, R15=0x00007fa6f2701770
RIP=0x000000010d2232b0, EFLAGS=0x0000000000010202, ERR=0x0000000000000004
  TRAPNO=0x000000000000000e

Top of Stack: (sp=0x00000001259269d0)
0x00000001259269d0:   0000000125926a8b 0000000125926a8b
0x00000001259269e0:   0000000125926a40 000000010d13526e
0x00000001259269f0:   00007fa6f281f000 0000000000000000
0x0000000125926a00:   0000000000000000 0000000000000000
0x0000000125926a10:   00007fa6f281f000 00007fa6f281f000
0x0000000125926a20:   0000000125926a8b 0000000125926a90
0x0000000125926a30:   0000000400000004 0000000000000011
0x0000000125926a40:   0000000125926a60 000000010dd707dc
0x0000000125926a50:   0000000000000001 0000000125926b08
0x0000000125926a60:   0000000125926ad0 000000010dd55263
0x0000000125926a70:   0000000125926aa0 00007fa6f24b8c90
0x0000000125926a80:   0000001200000032 0000000900926b08
0x0000000125926a90:   0000000000000000 0000000000000000
0x0000000125926aa0:   0000000000000000 0000000125926c90
0x0000000125926ab0:   000000010dd77eca 00007fa6f4dc0720
0x0000000125926ac0:   0000000125926b08 000000010dd83588
0x0000000125926ad0:   0000000125926ae0 000000010dd5535c
0x0000000125926ae0:   0000000125926d00 000000010dd5e8f6
0x0000000125926af0:   000004f300000013 00000000000f0200
0x0000000125926b00:   00007fa6f9320c00 00007fa6f24b8fb7
0x0000000125926b10:   00007fa600000061 00007fa6f247d550
0x0000000125926b20:   00007fa60000012c 0000000125926b58
0x0000000125926b30:   00007fa6f247d550 00007f0000000000
0x0000000125926b40:   000004f30000001c 00007fff00004f80
0x0000000125926b50:   0000000125926b58 a67f000012000000
0x0000000125926b60:   0700000080dd79f2 00656d6954746567
0x0000000125926b70:   0000492928030000 0000090000000000
0x0000000125926b80:   0000a0db79f2a67f 3e74696e693c0600
0x0000000125926b90:   0056292803000000 0001000000000000
0x0000000125926ba0:   0088a958f2a67f00 64626d616c080000
0x0000000125926bb0:   2828000000302461 2f7564652f72614c
0x0000000125926bc0:   2f73732f61627469 6f74616c756d6973 

Instructions: (pc=0x000000010d2232b0)
0x000000010d223290:   40 48 48 85 c0 75 e0 30 c0 0f b6 c0 5d c3 31 c0
0x000000010d2232a0:   5d c3 55 48 89 e5 53 48 83 ec 08 48 85 ff 74 24
0x000000010d2232b0:   48 8b 1f 48 85 db 74 1c 48 83 fb 37 74 16 48 8b
0x000000010d2232c0:   03 48 89 df ff 50 10 84 c0 b8 00 00 00 00 48 0f 

Register to memory mapping:

RAX=0x0000000000000001 is an unknown value
RBX=0x0000000125926a8b is pointing into the stack for thread: 0x00007fa6f281f000
RCX=0x000000010d5d6c80: UseMembar+0 in /Library/Java/JavaVirtualMachines/jdk1.8.0_25.jdk/Contents/Home/jre/lib/server/libjvm.dylib at 0x000000010ce00000
RDX=0x0000000125926a8b is pointing into the stack for thread: 0x00007fa6f281f000
RSP=0x00000001259269d0 is pointing into the stack for thread: 0x00007fa6f281f000
RBP=0x00000001259269e0 is pointing into the stack for thread: 0x00007fa6f281f000
RSI=0x00007fa6f281f000 is a thread
RDI=0x0000000400000004 is an unknown value
R8 =0x0000000000000000 is an unknown value
R9 =0x00007fa6f2400000 is an unknown value
R10=0x0000000000000010 is an unknown value
R11=0x00007fa6f2400000 is an unknown value
R12=0x00007fa6f281f000 is a thread
R13=0x0000000400000004 is an unknown value
R14=0x0000000400000004 is an unknown value
R15=0x00007fa6f2701770 is an unknown value


Stack: [0x0000000125827000,0x0000000125927000],  sp=0x00000001259269d0,  free space=1022k
Native frames: (J=compiled Java code, j=interpreted, Vv=VM code, C=native code)
V  [libjvm.dylib+0x4232b0]
V  [libjvm.dylib+0x33526e]
C  [libjdwp.dylib+0x207dc]  isMethodSynthetic+0x63
C  [libjdwp.dylib+0x5263]  methods1+0x10b
C  [libjdwp.dylib+0x535c]  methodsWithGeneric+0xe
C  [libjdwp.dylib+0xe8f6]  debugLoop_run+0x1ce
C  [libjdwp.dylib+0x1f716]  attachThread+0x4d
V  [libjvm.dylib+0x3762ce]
V  [libjvm.dylib+0x535ed9]
V  [libjvm.dylib+0x53761c]
V  [libjvm.dylib+0x45d87e]
C  [libsystem_pthread.dylib+0x3268]  _pthread_body+0x83
C  [libsystem_pthread.dylib+0x31e5]  _pthread_body+0x0
C  [libsystem_pthread.dylib+0x141d]  thread_start+0xd
C  0x0000000000000000


---------------  P R O C E S S  ---------------

Java Threads: ( => current thread )
  0x00007fa6f3e42800 JavaThread "Thread-5" [_thread_blocked, id=52487, stack(0x000000012c563000,0x000000012c663000)]
  0x00007fa6f3957800 JavaThread "Prism Font Disposer" daemon [_thread_blocked, id=50443, stack(0x000000012af07000,0x000000012b007000)]
  0x00007fa6f38a5800 JavaThread "JavaFX-Launcher" [_thread_blocked, id=49667, stack(0x000000012a634000,0x000000012a734000)]
  0x00007fa6f3002800 JavaThread "Thread-3" daemon [_thread_in_native, id=37379, stack(0x000000012942e000,0x00000001294ae000)]
  0x00007fa6f2995000 JavaThread "JavaFX Application Thread" [_thread_blocked, id=1811, stack(0x00007fff53058000,0x00007fff53858000)]
  0x00007fa6f3866000 JavaThread "Thread-1" daemon [_thread_blocked, id=25623, stack(0x0000000126716000,0x0000000126816000)]
  0x00007fa6f4067000 JavaThread "QuantumRenderer-0" daemon [_thread_in_native, id=20739, stack(0x0000000126102000,0x0000000126202000)]
  0x00007fa6f3012800 JavaThread "Service Thread" daemon [_thread_blocked, id=19715, stack(0x0000000125e39000,0x0000000125f39000)]
  0x00007fa6f3813000 JavaThread "C1 CompilerThread2" daemon [_thread_blocked, id=19203, stack(0x0000000125d36000,0x0000000125e36000)]
  0x00007fa6f3011800 JavaThread "C2 CompilerThread1" daemon [_thread_blocked, id=18691, stack(0x0000000125c33000,0x0000000125d33000)]
  0x00007fa6f2820800 JavaThread "C2 CompilerThread0" daemon [_thread_blocked, id=18179, stack(0x0000000125b30000,0x0000000125c30000)]
  0x00007fa6f380e000 JavaThread "JDWP Command Reader" daemon [_thread_in_native, id=17667, stack(0x0000000125a2d000,0x0000000125b2d000)]
  0x00007fa6f3008800 JavaThread "JDWP Event Helper Thread" daemon [_thread_blocked, id=17155, stack(0x000000012592a000,0x0000000125a2a000)]
=>0x00007fa6f281f000 JavaThread "JDWP Transport Listener: dt_socket" daemon [_thread_in_vm, id=16643, stack(0x0000000125827000,0x0000000125927000)]
  0x00007fa6f2805800 JavaThread "Signal Dispatcher" daemon [_thread_blocked, id=13335, stack(0x000000012571d000,0x000000012581d000)]
  0x00007fa6f4029000 JavaThread "Finalizer" daemon [_thread_blocked, id=11523, stack(0x0000000123d0d000,0x0000000123e0d000)]
  0x00007fa6f3006000 JavaThread "Reference Handler" daemon [_thread_blocked, id=11011, stack(0x0000000123c0a000,0x0000000123d0a000)]
  0x00007fa6f3805000 JavaThread "main" [_thread_blocked, id=4867, stack(0x000000010c4be000,0x000000010c5be000)]

Other Threads:
  0x00007fa6f380b800 VMThread [stack: 0x0000000123b07000,0x0000000123c07000] [id=10499]
  0x00007fa6f380e800 WatcherThread [stack: 0x0000000125f3c000,0x000000012603c000] [id=20227]

VM state:not at safepoint (normal execution)

VM Mutex/Monitor currently owned by a thread: None

Heap:
 PSYoungGen      total 670208K, used 285230K [0x0000000795580000, 0x00000007c0000000, 0x00000007c0000000)
  eden space 651776K, 40% used [0x0000000795580000,0x00000007a5a60440,0x00000007bd200000)
  from space 18432K, 98% used [0x00000007bd200000,0x00000007be3ab4f8,0x00000007be400000)
  to   space 25088K, 0% used [0x00000007be780000,0x00000007be780000,0x00000007c0000000)
 ParOldGen       total 124416K, used 67537K [0x0000000740000000, 0x0000000747980000, 0x0000000795580000)
  object space 124416K, 54% used [0x0000000740000000,0x00000007441f47c8,0x0000000747980000)
 Metaspace       used 16634K, capacity 17168K, committed 17280K, reserved 1064960K
  class space    used 2266K, capacity 2420K, committed 2432K, reserved 1048576K

Card table byte_map: [0x000000011d15b000,0x000000011d55c000] byte_map_base: 0x000000011975b000

Marking Bits: (ParMarkBitMap*) 0x000000010d69d390
 Begin Bits: [0x000000011dc13000, 0x000000011fc13000)
 End Bits:   [0x000000011fc13000, 0x0000000121c13000)

Polling page: 0x000000010c5ce000

CodeCache: size=245760Kb used=11679Kb max_used=13171Kb free=234080Kb
 bounds [0x000000010dd9b000, 0x000000010eadb000, 0x000000011cd9b000]
 total_blobs=3775 nmethods=3165 adapters=532
 compilation: enabled

Compilation events (10 events):
Event: 78.448 Thread 0x00007fa6f2820800 4163       4       com.sun.javafx.geom.RectBounds::setBounds (33 bytes)
Event: 78.449 Thread 0x00007fa6f2820800 nmethod 4163 0x000000010e4a7bd0 code [0x000000010e4a7d20, 0x000000010e4a7dd8]
Event: 78.797 Thread 0x00007fa6f3011800 4164   !   4       com.sun.scenario.animation.shared.InfiniteClipEnvelope::timePulse (311 bytes)
Event: 78.809 Thread 0x00007fa6f3011800 nmethod 4164 0x000000010e597e90 code [0x000000010e598080, 0x000000010e5986f0]
Event: 79.890 Thread 0x00007fa6f3813000 4165       1       javafx.scene.layout.Region::computeMaxHeight (4 bytes)
Event: 79.890 Thread 0x00007fa6f3813000 nmethod 4165 0x000000010e67cd90 code [0x000000010e67cf00, 0x000000010e67d010]
Event: 80.788 Thread 0x00007fa6f2820800 4166       4       com.sun.javafx.geom.Rectangle::setBounds (67 bytes)
Event: 80.791 Thread 0x00007fa6f2820800 nmethod 4166 0x000000010e5d3810 code [0x000000010e5d3a00, 0x000000010e5d3df8]
Event: 82.876 Thread 0x00007fa6f3011800 4167       4       com.sun.javafx.sg.prism.NGRegion::renderBackgroundRectangle (1152 bytes)
Event: 82.880 Thread 0x00007fa6f3011800 nmethod 4167 0x000000010e4954d0 code [0x000000010e4956e0, 0x000000010e495f38]

GC Heap History (10 events):
Event: 53.459 GC heap before
{Heap before GC invocations=18 (full 1):
 PSYoungGen      total 657920K, used 653204K [0x0000000795580000, 0x00000007bf580000, 0x00000007c0000000)
  eden space 643072K, 100% used [0x0000000795580000,0x00000007bc980000,0x00000007bc980000)
  from space 14848K, 68% used [0x00000007be700000,0x00000007bf0e5288,0x00000007bf580000)
  to   space 22528K, 0% used [0x00000007bc980000,0x00000007bc980000,0x00000007bdf80000)
 ParOldGen       total 124416K, used 64409K [0x0000000740000000, 0x0000000747980000, 0x0000000795580000)
  object space 124416K, 51% used [0x0000000740000000,0x0000000743ee6540,0x0000000747980000)
 Metaspace       used 16571K, capacity 17072K, committed 17280K, reserved 1064960K
  class space    used 2265K, capacity 2388K, committed 2432K, reserved 1048576K
Event: 53.480 GC heap after
Heap after GC invocations=18 (full 1):
 PSYoungGen      total 665600K, used 11036K [0x0000000795580000, 0x00000007c0000000, 0x00000007c0000000)
  eden space 643072K, 0% used [0x0000000795580000,0x0000000795580000,0x00000007bc980000)
  from space 22528K, 48% used [0x00000007bc980000,0x00000007bd447288,0x00000007bdf80000)
  to   space 22016K, 0% used [0x00000007bea80000,0x00000007bea80000,0x00000007c0000000)
 ParOldGen       total 124416K, used 64409K [0x0000000740000000, 0x0000000747980000, 0x0000000795580000)
  object space 124416K, 51% used [0x0000000740000000,0x0000000743ee6540,0x0000000747980000)
 Metaspace       used 16571K, capacity 17072K, committed 17280K, reserved 1064960K
  class space    used 2265K, capacity 2388K, committed 2432K, reserved 1048576K
}
Event: 60.377 GC heap before
{Heap before GC invocations=19 (full 1):
 PSYoungGen      total 665600K, used 654108K [0x0000000795580000, 0x00000007c0000000, 0x00000007c0000000)
  eden space 643072K, 100% used [0x0000000795580000,0x00000007bc980000,0x00000007bc980000)
  from space 22528K, 48% used [0x00000007bc980000,0x00000007bd447288,0x00000007bdf80000)
  to   space 22016K, 0% used [0x00000007bea80000,0x00000007bea80000,0x00000007c0000000)
 ParOldGen       total 124416K, used 64868K [0x0000000740000000, 0x0000000747980000, 0x0000000795580000)
  object space 124416K, 52% used [0x0000000740000000,0x0000000743f591a8,0x0000000747980000)
 Metaspace       used 16573K, capacity 17072K, committed 17280K, reserved 1064960K
  class space    used 2265K, capacity 2388K, committed 2432K, reserved 1048576K
Event: 60.404 GC heap after
Heap after GC invocations=19 (full 1):
 PSYoungGen      total 675840K, used 12801K [0x0000000795580000, 0x00000007bff80000, 0x00000007c0000000)
  eden space 654336K, 0% used [0x0000000795580000,0x0000000795580000,0x00000007bd480000)
  from space 21504K, 59% used [0x00000007bea80000,0x00000007bf7005e8,0x00000007bff80000)
  to   space 22016K, 0% used [0x00000007bd480000,0x00000007bd480000,0x00000007bea00000)
 ParOldGen       total 124416K, used 64868K [0x0000000740000000, 0x0000000747980000, 0x0000000795580000)
  object space 124416K, 52% used [0x0000000740000000,0x0000000743f591a8,0x0000000747980000)
 Metaspace       used 16573K, capacity 17072K, committed 17280K, reserved 1064960K
  class space    used 2265K, capacity 2388K, committed 2432K, reserved 1048576K
}
Event: 67.245 GC heap before
{Heap before GC invocations=20 (full 1):
 PSYoungGen      total 675840K, used 667137K [0x0000000795580000, 0x00000007bff80000, 0x00000007c0000000)
  eden space 654336K, 100% used [0x0000000795580000,0x00000007bd480000,0x00000007bd480000)
  from space 21504K, 59% used [0x00000007bea80000,0x00000007bf7005e8,0x00000007bff80000)
  to   space 22016K, 0% used [0x00000007bd480000,0x00000007bd480000,0x00000007bea00000)
 ParOldGen       total 124416K, used 67338K [0x0000000740000000, 0x0000000747980000, 0x0000000795580000)
  object space 124416K, 54% used [0x0000000740000000,0x00000007441c2870,0x0000000747980000)
 Metaspace       used 16606K, capacity 17072K, committed 17280K, reserved 1064960K
  class space    used 2265K, capacity 2388K, committed 2432K, reserved 1048576K
Event: 67.270 GC heap after
Heap after GC invocations=20 (full 1):
 PSYoungGen      total 676352K, used 14593K [0x0000000795580000, 0x00000007c0000000, 0x00000007c0000000)
  eden space 654336K, 0% used [0x0000000795580000,0x0000000795580000,0x00000007bd480000)
  from space 22016K, 66% used [0x00000007bd480000,0x00000007be2c0690,0x00000007bea00000)
  to   space 22528K, 0% used [0x00000007bea00000,0x00000007bea00000,0x00000007c0000000)
 ParOldGen       total 124416K, used 67338K [0x0000000740000000, 0x0000000747980000, 0x0000000795580000)
  object space 124416K, 54% used [0x0000000740000000,0x00000007441c2870,0x0000000747980000)
 Metaspace       used 16606K, capacity 17072K, committed 17280K, reserved 1064960K
  class space    used 2265K, capacity 2388K, committed 2432K, reserved 1048576K
}
Event: 74.108 GC heap before
{Heap before GC invocations=21 (full 1):
 PSYoungGen      total 676352K, used 668929K [0x0000000795580000, 0x00000007c0000000, 0x00000007c0000000)
  eden space 654336K, 100% used [0x0000000795580000,0x00000007bd480000,0x00000007bd480000)
  from space 22016K, 66% used [0x00000007bd480000,0x00000007be2c0690,0x00000007bea00000)
  to   space 22528K, 0% used [0x00000007bea00000,0x00000007bea00000,0x00000007c0000000)
 ParOldGen       total 124416K, used 67480K [0x0000000740000000, 0x0000000747980000, 0x0000000795580000)
  object space 124416K, 54% used [0x0000000740000000,0x00000007441e6218,0x0000000747980000)
 Metaspace       used 16621K, capacity 17136K, committed 17280K, reserved 1064960K
  class space    used 2265K, capacity 2388K, committed 2432K, reserved 1048576K
Event: 74.127 GC heap after
Heap after GC invocations=21 (full 1):
 PSYoungGen      total 674304K, used 16515K [0x0000000795580000, 0x00000007c0000000, 0x00000007c0000000)
  eden space 651776K, 0% used [0x0000000795580000,0x0000000795580000,0x00000007bd200000)
  from space 22528K, 73% used [0x00000007bea00000,0x00000007bfa20d90,0x00000007c0000000)
  to   space 23552K, 0% used [0x00000007bd200000,0x00000007bd200000,0x00000007be900000)
 ParOldGen       total 124416K, used 67480K [0x0000000740000000, 0x0000000747980000, 0x0000000795580000)
  object space 124416K, 54% used [0x0000000740000000,0x00000007441e6218,0x0000000747980000)
 Metaspace       used 16621K, capacity 17136K, committed 17280K, reserved 1064960K
  class space    used 2265K, capacity 2388K, committed 2432K, reserved 1048576K
}
Event: 81.199 GC heap before
{Heap before GC invocations=22 (full 1):
 PSYoungGen      total 674304K, used 668291K [0x0000000795580000, 0x00000007c0000000, 0x00000007c0000000)
  eden space 651776K, 100% used [0x0000000795580000,0x00000007bd200000,0x00000007bd200000)
  from space 22528K, 73% used [0x00000007bea00000,0x00000007bfa20d90,0x00000007c0000000)
  to   space 23552K, 0% used [0x00000007bd200000,0x00000007bd200000,0x00000007be900000)
 ParOldGen       total 124416K, used 67537K [0x0000000740000000, 0x0000000747980000, 0x0000000795580000)
  object space 124416K, 54% used [0x0000000740000000,0x00000007441f47c8,0x0000000747980000)
 Metaspace       used 16621K, capacity 17136K, committed 17280K, reserved 1064960K
  class space    used 2265K, capacity 2388K, committed 2432K, reserved 1048576K
Event: 81.219 GC heap after
Heap after GC invocations=22 (full 1):
 PSYoungGen      total 670208K, used 18093K [0x0000000795580000, 0x00000007c0000000, 0x00000007c0000000)
  eden space 651776K, 0% used [0x0000000795580000,0x0000000795580000,0x00000007bd200000)
  from space 18432K, 98% used [0x00000007bd200000,0x00000007be3ab4f8,0x00000007be400000)
  to   space 25088K, 0% used [0x00000007be780000,0x00000007be780000,0x00000007c0000000)
 ParOldGen       total 124416K, used 67537K [0x0000000740000000, 0x0000000747980000, 0x0000000795580000)
  object space 124416K, 54% used [0x0000000740000000,0x00000007441f47c8,0x0000000747980000)
 Metaspace       used 16621K, capacity 17136K, committed 17280K, reserved 1064960K
  class space    used 2265K, capacity 2388K, committed 2432K, reserved 1048576K
}

Deoptimization events (10 events):
Event: 4.593 Thread 0x00007fa6f2995000 Uncommon trap: reason=class_check action=maybe_recompile pc=0x000000010e577598 method=java.lang.reflect.Array.newInstance(Ljava/lang/Class;I)Ljava/lang/Object; @ 2
Event: 9.679 Thread 0x00007fa6f4067000 Uncommon trap: reason=class_check action=maybe_recompile pc=0x000000010e9564c8 method=com.sun.prism.es2.ES2Texture.getNativeSourceHandle()I @ 10
Event: 9.679 Thread 0x00007fa6f4067000 Uncommon trap: reason=class_check action=maybe_recompile pc=0x000000010e9564c8 method=com.sun.prism.es2.ES2Texture.getNativeSourceHandle()I @ 10
Event: 9.796 Thread 0x00007fa6f4067000 Uncommon trap: reason=class_check action=maybe_recompile pc=0x000000010e9564c8 method=com.sun.prism.es2.ES2Texture.getNativeSourceHandle()I @ 10
Event: 9.796 Thread 0x00007fa6f4067000 Uncommon trap: reason=class_check action=maybe_recompile pc=0x000000010e9564c8 method=com.sun.prism.es2.ES2Texture.getNativeSourceHandle()I @ 10
Event: 16.015 Thread 0x00007fa6f2995000 Uncommon trap: reason=speculate_class_check action=maybe_recompile pc=0x000000010e16cf6c method=com.sun.javafx.geom.transform.AffineBase.getType()I @ 9
Event: 16.016 Thread 0x00007fa6f2995000 Uncommon trap: reason=speculate_class_check action=maybe_recompile pc=0x000000010e16cf6c method=com.sun.javafx.geom.transform.AffineBase.getType()I @ 9
Event: 16.017 Thread 0x00007fa6f2995000 Uncommon trap: reason=speculate_class_check action=maybe_recompile pc=0x000000010e16cf6c method=com.sun.javafx.geom.transform.AffineBase.getType()I @ 9
Event: 16.018 Thread 0x00007fa6f2995000 Uncommon trap: reason=speculate_class_check action=maybe_recompile pc=0x000000010e16cf6c method=com.sun.javafx.geom.transform.AffineBase.getType()I @ 9
Event: 16.094 Thread 0x00007fa6f4067000 Uncommon trap: reason=class_check action=maybe_recompile pc=0x000000010e675290 method=com.sun.javafx.geom.transform.AffineBase.getType()I @ 9

Internal exceptions (10 events):
Event: 0.830 Thread 0x00007fa6f2995000 Exception <a 'java/security/PrivilegedActionException'> (0x0000000796a561e0) thrown at [/HUDSON3/workspace/8-2-build-macosx-x86_64/jdk8u25/1514/hotspot/src/share/vm/prims/jvm.cpp, line 1312]
Event: 0.833 Thread 0x00007fa6f2995000 Exception <a 'java/security/PrivilegedActionException'> (0x0000000796a6a580) thrown at [/HUDSON3/workspace/8-2-build-macosx-x86_64/jdk8u25/1514/hotspot/src/share/vm/prims/jvm.cpp, line 1312]
Event: 0.848 Thread 0x00007fa6f2995000 Exception <a 'java/io/FileNotFoundException'> (0x0000000796ad99d8) thrown at [/HUDSON3/workspace/8-2-build-macosx-x86_64/jdk8u25/1514/hotspot/src/share/vm/prims/jni.cpp, line 716]
Event: 1.218 Thread 0x00007fa6f2995000 Implicit null exception at 0x000000010e0bc374 to 0x000000010e0bc68d
Event: 1.289 Thread 0x00007fa6f2995000 Exception <a 'java/security/PrivilegedActionException'> (0x00000007959360b8) thrown at [/HUDSON3/workspace/8-2-build-macosx-x86_64/jdk8u25/1514/hotspot/src/share/vm/prims/jvm.cpp, line 1312]
Event: 1.290 Thread 0x00007fa6f2995000 Exception <a 'java/security/PrivilegedActionException'> (0x000000079594c4c0) thrown at [/HUDSON3/workspace/8-2-build-macosx-x86_64/jdk8u25/1514/hotspot/src/share/vm/prims/jvm.cpp, line 1312]
Event: 1.292 Thread 0x00007fa6f2995000 Exception <a 'java/security/PrivilegedActionException'> (0x000000079596e548) thrown at [/HUDSON3/workspace/8-2-build-macosx-x86_64/jdk8u25/1514/hotspot/src/share/vm/prims/jvm.cpp, line 1312]
Event: 2.000 Thread 0x00007fa6f3e42800 Exception <a 'java/security/PrivilegedActionException'> (0x0000000796e1d688) thrown at [/HUDSON3/workspace/8-2-build-macosx-x86_64/jdk8u25/1514/hotspot/src/share/vm/prims/jvm.cpp, line 1312]
Event: 2.026 Thread 0x00007fa6f3e42800 Exception <a 'java/security/PrivilegedActionException'> (0x0000000796e51aa0) thrown at [/HUDSON3/workspace/8-2-build-macosx-x86_64/jdk8u25/1514/hotspot/src/share/vm/prims/jvm.cpp, line 1312]
Event: 2.712 Thread 0x00007fa6f2995000 Implicit null exception at 0x000000010e3deb7e to 0x000000010e3e0b41

Events (10 events):
Event: 84.003 Executing VM operation: GetCurrentLocation
Event: 84.006 Executing VM operation: GetCurrentLocation done
Event: 84.006 Executing VM operation: EnterInterpOnlyMode
Event: 84.007 Executing VM operation: EnterInterpOnlyMode done
Event: 84.007 Executing VM operation: ChangeSingleStep
Event: 84.007 Executing VM operation: ChangeSingleStep done
Event: 84.009 Executing VM operation: ChangeSingleStep
Event: 84.009 Executing VM operation: ChangeSingleStep done
Event: 84.019 Executing VM operation: RedefineClasses
Event: 84.054 Executing VM operation: RedefineClasses done


Dynamic libraries:
0x000000000359d000 	/System/Library/Frameworks/Cocoa.framework/Versions/A/Cocoa
0x000000000359d000 	/System/Library/Frameworks/Security.framework/Versions/A/Security
0x000000000359d000 	/System/Library/Frameworks/ApplicationServices.framework/Versions/A/ApplicationServices
0x000000000359d000 	/usr/lib/libz.1.dylib
0x000000000359d000 	/usr/lib/libSystem.B.dylib
0x000000000359d000 	/usr/lib/libobjc.A.dylib
0x000000000359d000 	/System/Library/Frameworks/CoreFoundation.framework/Versions/A/CoreFoundation
0x000000000359d000 	/System/Library/Frameworks/Foundation.framework/Versions/C/Foundation
0x000000000359d000 	/System/Library/Frameworks/AppKit.framework/Versions/C/AppKit
0x000000000359d000 	/System/Library/Frameworks/CoreData.framework/Versions/A/CoreData
0x000000000359d000 	/System/Library/PrivateFrameworks/RemoteViewServices.framework/Versions/A/RemoteViewServices
0x000000000359d000 	/System/Library/PrivateFrameworks/UIFoundation.framework/Versions/A/UIFoundation
0x000000000359d000 	/System/Library/Frameworks/IOSurface.framework/Versions/A/IOSurface
0x000000000359d000 	/System/Library/Frameworks/AudioToolbox.framework/Versions/A/AudioToolbox
0x000000000359d000 	/System/Library/Frameworks/AudioUnit.framework/Versions/A/AudioUnit
0x000000000359d000 	/System/Library/PrivateFrameworks/DataDetectorsCore.framework/Versions/A/DataDetectorsCore
0x000000000359d000 	/System/Library/PrivateFrameworks/DesktopServicesPriv.framework/Versions/A/DesktopServicesPriv
0x000000000359d000 	/System/Library/Frameworks/Carbon.framework/Versions/A/Frameworks/HIToolbox.framework/Versions/A/HIToolbox
0x000000000359d000 	/System/Library/Frameworks/QuartzCore.framework/Versions/A/QuartzCore
0x000000000359d000 	/System/Library/Frameworks/Carbon.framework/Versions/A/Frameworks/SpeechRecognition.framework/Versions/A/SpeechRecognition
0x000000000359d000 	/usr/lib/libauto.dylib
0x000000000359d000 	/usr/lib/libicucore.A.dylib
0x000000000359d000 	/usr/lib/libxml2.2.dylib
0x000000000359d000 	/System/Library/PrivateFrameworks/CoreUI.framework/Versions/A/CoreUI
0x000000000359d000 	/System/Library/Frameworks/CoreAudio.framework/Versions/A/CoreAudio
0x000000000359d000 	/System/Library/Frameworks/DiskArbitration.framework/Versions/A/DiskArbitration
0x000000000359d000 	/usr/lib/liblangid.dylib
0x000000000359d000 	/System/Library/PrivateFrameworks/MultitouchSupport.framework/Versions/A/MultitouchSupport
0x000000000359d000 	/System/Library/Frameworks/IOKit.framework/Versions/A/IOKit
0x000000000359d000 	/usr/lib/libDiagnosticMessagesClient.dylib
0x000000000359d000 	/System/Library/Frameworks/CoreServices.framework/Versions/A/CoreServices
0x000000000359d000 	/System/Library/PrivateFrameworks/PerformanceAnalysis.framework/Versions/A/PerformanceAnalysis
0x000000000359d000 	/System/Library/PrivateFrameworks/GenerationalStorage.framework/Versions/A/GenerationalStorage
0x000000000359d000 	/System/Library/Frameworks/OpenGL.framework/Versions/A/OpenGL
0x000000000359d000 	/System/Library/PrivateFrameworks/Sharing.framework/Versions/A/Sharing
0x000000000359d000 	/System/Library/Frameworks/CoreGraphics.framework/Versions/A/CoreGraphics
0x000000000359d000 	/System/Library/Frameworks/CoreText.framework/Versions/A/CoreText
0x000000000359d000 	/System/Library/Frameworks/ImageIO.framework/Versions/A/ImageIO
0x000000000359d000 	/usr/lib/libextension.dylib
0x000000000359d000 	/System/Library/PrivateFrameworks/Backup.framework/Versions/A/Backup
0x000000000359d000 	/usr/lib/libarchive.2.dylib
0x000000000359d000 	/System/Library/Frameworks/CFNetwork.framework/Versions/A/CFNetwork
0x000000000359d000 	/System/Library/Frameworks/SystemConfiguration.framework/Versions/A/SystemConfiguration
0x000000000359d000 	/usr/lib/libCRFSuite.dylib
0x000000000359d000 	/usr/lib/libc++.1.dylib
0x000000000359d000 	/usr/lib/libc++abi.dylib
0x000000000359d000 	/usr/lib/system/libcache.dylib
0x000000000359d000 	/usr/lib/system/libcommonCrypto.dylib
0x000000000359d000 	/usr/lib/system/libcompiler_rt.dylib
0x000000000359d000 	/usr/lib/system/libcopyfile.dylib
0x000000000359d000 	/usr/lib/system/libcorecrypto.dylib
0x000000000359d000 	/usr/lib/system/libdispatch.dylib
0x000000000359d000 	/usr/lib/system/libdyld.dylib
0x000000000359d000 	/usr/lib/system/libkeymgr.dylib
0x000000000359d000 	/usr/lib/system/liblaunch.dylib
0x000000000359d000 	/usr/lib/system/libmacho.dylib
0x000000000359d000 	/usr/lib/system/libquarantine.dylib
0x000000000359d000 	/usr/lib/system/libremovefile.dylib
0x000000000359d000 	/usr/lib/system/libsystem_asl.dylib
0x000000000359d000 	/usr/lib/system/libsystem_blocks.dylib
0x000000000359d000 	/usr/lib/system/libsystem_c.dylib
0x000000000359d000 	/usr/lib/system/libsystem_configuration.dylib
0x000000000359d000 	/usr/lib/system/libsystem_coreservices.dylib
0x000000000359d000 	/usr/lib/system/libsystem_coretls.dylib
0x000000000359d000 	/usr/lib/system/libsystem_dnssd.dylib
0x000000000359d000 	/usr/lib/system/libsystem_info.dylib
0x000000000359d000 	/usr/lib/system/libsystem_kernel.dylib
0x000000000359d000 	/usr/lib/system/libsystem_m.dylib
0x000000000359d000 	/usr/lib/system/libsystem_malloc.dylib
0x000000000359d000 	/usr/lib/system/libsystem_network.dylib
0x000000000359d000 	/usr/lib/system/libsystem_networkextension.dylib
0x000000000359d000 	/usr/lib/system/libsystem_notify.dylib
0x000000000359d000 	/usr/lib/system/libsystem_platform.dylib
0x000000000359d000 	/usr/lib/system/libsystem_pthread.dylib
0x000000000359d000 	/usr/lib/system/libsystem_sandbox.dylib
0x000000000359d000 	/usr/lib/system/libsystem_secinit.dylib
0x000000000359d000 	/usr/lib/system/libsystem_stats.dylib
0x000000000359d000 	/usr/lib/system/libsystem_trace.dylib
0x000000000359d000 	/usr/lib/system/libunc.dylib
0x000000000359d000 	/usr/lib/system/libunwind.dylib
0x000000000359d000 	/usr/lib/system/libxpc.dylib
0x000000000359d000 	/usr/lib/libbz2.1.0.dylib
0x000000000359d000 	/usr/lib/liblzma.5.dylib
0x000000000359d000 	/usr/lib/libbsm.0.dylib
0x000000000359d000 	/usr/lib/libsqlite3.dylib
0x000000000359d000 	/usr/lib/system/libkxld.dylib
0x000000000359d000 	/usr/lib/libxar.1.dylib
0x000000000359d000 	/usr/lib/libpam.2.dylib
0x000000000359d000 	/usr/lib/libOpenScriptingUtil.dylib
0x000000000359d000 	/System/Library/Frameworks/CoreServices.framework/Versions/A/Frameworks/FSEvents.framework/Versions/A/FSEvents
0x000000000359d000 	/System/Library/Frameworks/CoreServices.framework/Versions/A/Frameworks/CarbonCore.framework/Versions/A/CarbonCore
0x000000000359d000 	/System/Library/Frameworks/CoreServices.framework/Versions/A/Frameworks/Metadata.framework/Versions/A/Metadata
0x000000000359d000 	/System/Library/Frameworks/CoreServices.framework/Versions/A/Frameworks/OSServices.framework/Versions/A/OSServices
0x000000000359d000 	/System/Library/Frameworks/CoreServices.framework/Versions/A/Frameworks/SearchKit.framework/Versions/A/SearchKit
0x000000000359d000 	/System/Library/Frameworks/CoreServices.framework/Versions/A/Frameworks/AE.framework/Versions/A/AE
0x000000000359d000 	/System/Library/Frameworks/CoreServices.framework/Versions/A/Frameworks/LaunchServices.framework/Versions/A/LaunchServices
0x000000000359d000 	/System/Library/Frameworks/CoreServices.framework/Versions/A/Frameworks/DictionaryServices.framework/Versions/A/DictionaryServices
0x000000000359d000 	/System/Library/Frameworks/NetFS.framework/Versions/A/NetFS
0x000000000359d000 	/System/Library/PrivateFrameworks/NetAuth.framework/Versions/A/NetAuth
0x000000000359d000 	/System/Library/PrivateFrameworks/login.framework/Versions/A/Frameworks/loginsupport.framework/Versions/A/loginsupport
0x000000000359d000 	/System/Library/PrivateFrameworks/TCC.framework/Versions/A/TCC
0x000000000359d000 	/usr/lib/libmecabra.dylib
0x000000000359d000 	/System/Library/Frameworks/ApplicationServices.framework/Versions/A/Frameworks/ATS.framework/Versions/A/ATS
0x000000000359d000 	/System/Library/Frameworks/ApplicationServices.framework/Versions/A/Frameworks/ColorSync.framework/Versions/A/ColorSync
0x000000000359d000 	/System/Library/Frameworks/ApplicationServices.framework/Versions/A/Frameworks/HIServices.framework/Versions/A/HIServices
0x000000000359d000 	/System/Library/Frameworks/ApplicationServices.framework/Versions/A/Frameworks/LangAnalysis.framework/Versions/A/LangAnalysis
0x000000000359d000 	/System/Library/Frameworks/ApplicationServices.framework/Versions/A/Frameworks/PrintCore.framework/Versions/A/PrintCore
0x000000000359d000 	/System/Library/Frameworks/ApplicationServices.framework/Versions/A/Frameworks/QD.framework/Versions/A/QD
0x000000000359d000 	/System/Library/Frameworks/ApplicationServices.framework/Versions/A/Frameworks/SpeechSynthesis.framework/Versions/A/SpeechSynthesis
0x000000000359d000 	/System/Library/Frameworks/Accelerate.framework/Versions/A/Accelerate
0x000000000359d000 	/System/Library/Frameworks/Accelerate.framework/Versions/A/Frameworks/vImage.framework/Versions/A/vImage
0x000000000359d000 	/System/Library/Frameworks/Accelerate.framework/Versions/A/Frameworks/vecLib.framework/Versions/A/vecLib
0x000000000359d000 	/System/Library/Frameworks/Accelerate.framework/Versions/A/Frameworks/vecLib.framework/Versions/A/libvDSP.dylib
0x000000000359d000 	/System/Library/Frameworks/Accelerate.framework/Versions/A/Frameworks/vecLib.framework/Versions/A/libvMisc.dylib
0x000000000359d000 	/System/Library/Frameworks/Accelerate.framework/Versions/A/Frameworks/vecLib.framework/Versions/A/libLAPACK.dylib
0x000000000359d000 	/System/Library/Frameworks/Accelerate.framework/Versions/A/Frameworks/vecLib.framework/Versions/A/libBLAS.dylib
0x000000000359d000 	/System/Library/Frameworks/Accelerate.framework/Versions/A/Frameworks/vecLib.framework/Versions/A/libLinearAlgebra.dylib
0x000000000359d000 	/System/Library/Frameworks/ApplicationServices.framework/Versions/A/Frameworks/ATS.framework/Versions/A/Resources/libFontParser.dylib
0x000000000359d000 	/System/Library/Frameworks/ApplicationServices.framework/Versions/A/Frameworks/ATS.framework/Versions/A/Resources/libFontRegistry.dylib
0x000000000359d000 	/System/Library/PrivateFrameworks/AppleVPA.framework/Versions/A/AppleVPA
0x000000000359d000 	/System/Library/PrivateFrameworks/AppleJPEG.framework/Versions/A/AppleJPEG
0x000000000359d000 	/System/Library/Frameworks/ImageIO.framework/Versions/A/Resources/libJPEG.dylib
0x000000000359d000 	/System/Library/Frameworks/ImageIO.framework/Versions/A/Resources/libTIFF.dylib
0x000000000359d000 	/System/Library/Frameworks/ImageIO.framework/Versions/A/Resources/libPng.dylib
0x000000000359d000 	/System/Library/Frameworks/ImageIO.framework/Versions/A/Resources/libGIF.dylib
0x000000000359d000 	/System/Library/Frameworks/ImageIO.framework/Versions/A/Resources/libJP2.dylib
0x000000000359d000 	/System/Library/Frameworks/ImageIO.framework/Versions/A/Resources/libRadiance.dylib
0x000000000359d000 	/System/Library/Frameworks/CoreVideo.framework/Versions/A/CoreVideo
0x000000000359d000 	/System/Library/Frameworks/OpenGL.framework/Versions/A/Libraries/libGLU.dylib
0x000000000359d000 	/System/Library/Frameworks/OpenGL.framework/Versions/A/Libraries/libGFXShared.dylib
0x000000000359d000 	/System/Library/Frameworks/OpenGL.framework/Versions/A/Libraries/libGL.dylib
0x000000000359d000 	/System/Library/Frameworks/OpenGL.framework/Versions/A/Libraries/libGLImage.dylib
0x000000000359d000 	/System/Library/Frameworks/OpenGL.framework/Versions/A/Libraries/libCVMSPluginSupport.dylib
0x000000000359d000 	/System/Library/Frameworks/OpenGL.framework/Versions/A/Libraries/libCoreVMClient.dylib
0x000000000359d000 	/usr/lib/libcups.2.dylib
0x000000000359d000 	/System/Library/Frameworks/Kerberos.framework/Versions/A/Kerberos
0x000000000359d000 	/System/Library/Frameworks/GSS.framework/Versions/A/GSS
0x000000000359d000 	/usr/lib/libresolv.9.dylib
0x000000000359d000 	/usr/lib/libiconv.2.dylib
0x000000000359d000 	/System/Library/PrivateFrameworks/Heimdal.framework/Versions/A/Heimdal
0x000000000359d000 	/usr/lib/libheimdal-asn1.dylib
0x000000000359d000 	/System/Library/Frameworks/OpenDirectory.framework/Versions/A/OpenDirectory
0x000000000359d000 	/System/Library/PrivateFrameworks/CommonAuth.framework/Versions/A/CommonAuth
0x000000000359d000 	/System/Library/Frameworks/OpenDirectory.framework/Versions/A/Frameworks/CFOpenDirectory.framework/Versions/A/CFOpenDirectory
0x000000000359d000 	/System/Library/Frameworks/SecurityFoundation.framework/Versions/A/SecurityFoundation
0x000000000359d000 	/System/Library/PrivateFrameworks/LanguageModeling.framework/Versions/A/LanguageModeling
0x000000000359d000 	/usr/lib/libcmph.dylib
0x000000000359d000 	/System/Library/Frameworks/ServiceManagement.framework/Versions/A/ServiceManagement
0x000000000359d000 	/usr/lib/libxslt.1.dylib
0x000000000359d000 	/System/Library/Frameworks/Carbon.framework/Versions/A/Frameworks/Ink.framework/Versions/A/Ink
0x000000000359d000 	/System/Library/Frameworks/QuartzCore.framework/Versions/A/Frameworks/CoreImage.framework/Versions/A/CoreImage
0x000000000359d000 	/System/Library/PrivateFrameworks/CrashReporterSupport.framework/Versions/A/CrashReporterSupport
0x000000000359d000 	/System/Library/Frameworks/OpenCL.framework/Versions/A/OpenCL
0x000000000359d000 	/System/Library/PrivateFrameworks/FaceCore.framework/Versions/A/FaceCore
0x000000000359d000 	/System/Library/PrivateFrameworks/Ubiquity.framework/Versions/A/Ubiquity
0x000000000359d000 	/System/Library/PrivateFrameworks/IconServices.framework/Versions/A/IconServices
0x000000000359d000 	/System/Library/PrivateFrameworks/ChunkingLibrary.framework/Versions/A/ChunkingLibrary
0x000000000359d000 	/System/Library/PrivateFrameworks/Apple80211.framework/Versions/A/Apple80211
0x000000000359d000 	/System/Library/Frameworks/CoreWLAN.framework/Versions/A/CoreWLAN
0x000000000359d000 	/System/Library/Frameworks/IOBluetooth.framework/Versions/A/IOBluetooth
0x000000000359d000 	/System/Library/PrivateFrameworks/CoreWiFi.framework/Versions/A/CoreWiFi
0x000000000359d000 	/System/Library/Frameworks/CoreBluetooth.framework/Versions/A/CoreBluetooth
0x000000000359d000 	/System/Library/PrivateFrameworks/DebugSymbols.framework/Versions/A/DebugSymbols
0x000000000359d000 	/System/Library/PrivateFrameworks/CoreSymbolication.framework/Versions/A/CoreSymbolication
0x000000000359d000 	/System/Library/PrivateFrameworks/Symbolication.framework/Versions/A/Symbolication
0x000000000359d000 	/System/Library/PrivateFrameworks/SpeechRecognitionCore.framework/Versions/A/SpeechRecognitionCore
0x000000010ce00000 	/Library/Java/JavaVirtualMachines/jdk1.8.0_25.jdk/Contents/Home/jre/lib/server/libjvm.dylib
0x000000000359d000 	/usr/lib/libstdc++.6.dylib
0x000000010c5c0000 	/Library/Java/JavaVirtualMachines/jdk1.8.0_25.jdk/Contents/Home/jre/lib/libverify.dylib
0x000000010dd1c000 	/Library/Java/JavaVirtualMachines/jdk1.8.0_25.jdk/Contents/Home/jre/lib/libjava.dylib
0x000000010dd50000 	/Library/Java/JavaVirtualMachines/jdk1.8.0_25.jdk/Contents/Home/jre/lib/libjdwp.dylib
0x000000010c5cf000 	/Library/Java/JavaVirtualMachines/jdk1.8.0_25.jdk/Contents/Home/jre/lib/libnpt.dylib
0x000000010c5dc000 	/Library/Java/JavaVirtualMachines/jdk1.8.0_25.jdk/Contents/Home/jre/lib/libzip.dylib
0x000000010c5e6000 	/System/Library/Frameworks/JavaVM.framework/Frameworks/JavaRuntimeSupport.framework/JavaRuntimeSupport
0x0000000123e0f000 	/System/Library/Frameworks/JavaVM.framework/Versions/A/Frameworks/JavaNativeFoundation.framework/Versions/A/JavaNativeFoundation
0x0000000123e24000 	/System/Library/Frameworks/JavaVM.framework/Versions/A/JavaVM
0x000000000359d000 	/System/Library/Frameworks/Carbon.framework/Versions/A/Carbon
0x0000000123e31000 	/System/Library/PrivateFrameworks/JavaLaunching.framework/Versions/A/JavaLaunching
0x000000000359d000 	/System/Library/Frameworks/Carbon.framework/Versions/A/Frameworks/CommonPanels.framework/Versions/A/CommonPanels
0x000000000359d000 	/System/Library/Frameworks/Carbon.framework/Versions/A/Frameworks/Help.framework/Versions/A/Help
0x000000000359d000 	/System/Library/Frameworks/Carbon.framework/Versions/A/Frameworks/ImageCapture.framework/Versions/A/ImageCapture
0x000000000359d000 	/System/Library/Frameworks/Carbon.framework/Versions/A/Frameworks/OpenScripting.framework/Versions/A/OpenScripting
0x000000000359d000 	/System/Library/Frameworks/Carbon.framework/Versions/A/Frameworks/Print.framework/Versions/A/Print
0x000000000359d000 	/System/Library/Frameworks/Carbon.framework/Versions/A/Frameworks/SecurityHI.framework/Versions/A/SecurityHI
0x000000012581f000 	/Library/Java/JavaVirtualMachines/jdk1.8.0_25.jdk/Contents/Home/jre/lib/libdt_socket.dylib
0x0000000126204000 	/Library/Java/JavaVirtualMachines/jdk1.8.0_25.jdk/Contents/Home/jre/lib/libprism_es2.dylib
0x000000000359d000 	/System/Library/Frameworks/OpenGL.framework/Versions/A/Resources/GLEngine.bundle/GLEngine
0x000000000359d000 	/System/Library/Frameworks/OpenGL.framework/Versions/A/Libraries/libGLProgrammability.dylib
0x0000000000000000 	/System/Library/Extensions/AppleIntelHD5000GraphicsGLDriver.bundle/Contents/MacOS/AppleIntelHD5000GraphicsGLDriver
0x000000000359d000 	/System/Library/PrivateFrameworks/IOAccelerator.framework/Versions/A/IOAccelerator
0x000000000359d000 	/System/Library/PrivateFrameworks/GPUSupport.framework/Versions/A/Libraries/libGPUSupportMercury.dylib
0x000000000359d000 	/System/Library/Frameworks/OpenGL.framework/Versions/A/Resources/GLRendererFloat.bundle/GLRendererFloat
0x000000000359d000 	/System/Library/Frameworks/OpenCL.framework/Versions/A/Libraries/libcldcpuengine.dylib
0x000000000359d000 	/System/Library/PrivateFrameworks/DiskImages.framework/Versions/A/DiskImages
0x000000000359d000 	/System/Library/Frameworks/DiscRecording.framework/Versions/A/DiscRecording
0x000000000359d000 	/usr/lib/libcsfde.dylib
0x000000000359d000 	/usr/lib/libcurl.4.dylib
0x000000000359d000 	/System/Library/PrivateFrameworks/MediaKit.framework/Versions/A/MediaKit
0x000000000359d000 	/System/Library/PrivateFrameworks/ProtectedCloudStorage.framework/Versions/A/ProtectedCloudStorage
0x000000000359d000 	/usr/lib/libCoreStorage.dylib
0x000000000359d000 	/System/Library/PrivateFrameworks/EFILogin.framework/Versions/A/EFILogin
0x000000000359d000 	/usr/lib/libutil.dylib
0x000000000359d000 	/System/Library/PrivateFrameworks/FindMyDevice.framework/Versions/A/FindMyDevice
0x000000000359d000 	/System/Library/Frameworks/LDAP.framework/Versions/A/LDAP
0x000000000359d000 	/usr/lib/libsasl2.2.dylib
0x000000000359d000 	/System/Library/PrivateFrameworks/CoreDaemon.framework/Versions/B/CoreDaemon
0x000000000359d000 	/usr/lib/libcrypto.0.9.8.dylib
0x000000000359d000 	/System/Library/PrivateFrameworks/AppleSRP.framework/Versions/A/AppleSRP
0x000000000359d000 	/System/Library/PrivateFrameworks/TrustEvaluationAgent.framework/Versions/A/TrustEvaluationAgent
0x00000001266b5000 	/Library/Java/JavaVirtualMachines/jdk1.8.0_25.jdk/Contents/Home/jre/lib/libglass.dylib
0x000000000359d000 	/System/Library/PrivateFrameworks/CoreServicesInternal.framework/Versions/A/CoreServicesInternal
0x000000000359d000 	/System/Library/PrivateFrameworks/CloudDocs.framework/Versions/A/CloudDocs
0x000000000359d000 	/System/Library/PrivateFrameworks/CoreDuet.framework/Versions/A/CoreDuet
0x000000000359d000 	/System/Library/Frameworks/CloudKit.framework/Versions/A/CloudKit
0x000000000359d000 	/System/Library/PrivateFrameworks/ProtocolBuffer.framework/Versions/A/ProtocolBuffer
0x000000000359d000 	/System/Library/PrivateFrameworks/CoreDuetDaemonProtocol.framework/Versions/A/CoreDuetDaemonProtocol
0x000000000359d000 	/System/Library/PrivateFrameworks/CoreDuetDebugLogging.framework/Versions/A/CoreDuetDebugLogging
0x000000000359d000 	/System/Library/PrivateFrameworks/MMCS.framework/Versions/A/MMCS
0x000000000359d000 	/System/Library/Frameworks/CoreLocation.framework/Versions/A/CoreLocation
0x000000000359d000 	/System/Library/PrivateFrameworks/GeoServices.framework/Versions/A/GeoServices
0x000000000359d000 	/System/Library/Frameworks/CoreGraphics.framework/Versions/A/Resources/libCGCMS.A.dylib
0x000000000359d000 	/System/Library/CoreServices/RawCamera.bundle/Contents/MacOS/RawCamera
0x000000000359d000 	/System/Library/Frameworks/CoreGraphics.framework/Versions/A/Resources/libRIP.A.dylib
0x000000000359d000 	/System/Library/PrivateFrameworks/FamilyControls.framework/Versions/A/FamilyControls
0x000000000359d000 	/System/Library/PrivateFrameworks/CommerceKit.framework/Versions/A/Frameworks/CommerceCore.framework/Versions/A/CommerceCore
0x000000000359d000 	/System/Library/PrivateFrameworks/SystemAdministration.framework/Versions/A/SystemAdministration
0x000000000359d000 	/System/Library/PrivateFrameworks/AppContainer.framework/Versions/A/AppContainer
0x000000000359d000 	/System/Library/PrivateFrameworks/SecCodeWrapper.framework/Versions/A/SecCodeWrapper
0x000000000359d000 	/System/Library/Frameworks/DirectoryService.framework/Versions/A/DirectoryService
0x000000000359d000 	/System/Library/PrivateFrameworks/LoginUIKit.framework/Versions/A/Frameworks/LoginUICore.framework/Versions/A/LoginUICore
0x000000000359d000 	/usr/lib/libodfde.dylib
0x000000012a736000 	/Library/Java/JavaVirtualMachines/jdk1.8.0_25.jdk/Contents/Home/jre/lib/libjavafx_font.dylib
0x000000000359d000 	/System/Library/Frameworks/CoreGraphics.framework/Versions/A/Resources/libCGXType.A.dylib
0x00000001281ba000 	cl_kernels
0x000000012df7c000 	/System/Library/Frameworks/OpenCL.framework/Versions/A/Libraries/ImageFormats/unorm8_bgra.dylib
0x00000001283e0000 	/Library/Java/JavaVirtualMachines/jdk1.8.0_25.jdk/Contents/Home/jre/lib/libprism_common.dylib
0x00000001283ed000 	cl_kernels

VM Arguments:
jvm_args: -agentlib:jdwp=transport=dt_socket,suspend=y,address=localhost:60683 -Dfile.encoding=UTF-8 
java_command: ar.edu.itba.ss.simulator.App -p
java_class_path (initial): /Users/juanjosemarinelli/repositories/ITBA/SS/target/classes:/Users/juanjosemarinelli/.m2/repository/commons-cli/commons-cli/1.3.1/commons-cli-1.3.1.jar:/Users/juanjosemarinelli/.m2/repository/com/google/guava/guava/18.0/guava-18.0.jar:/Users/juanjosemarinelli/.m2/repository/org/slf4j/slf4j-api/1.7.12/slf4j-api-1.7.12.jar:/Users/juanjosemarinelli/.m2/repository/org/slf4j/slf4j-simple/1.7.12/slf4j-simple-1.7.12.jar:/Users/juanjosemarinelli/.m2/repository/org/apache/commons/commons-math3/3.5/commons-math3-3.5.jar
Launcher Type: SUN_STANDARD

Environment Variables:
PATH=/usr/bin:/bin:/usr/sbin:/sbin
SHELL=/bin/bash
DISPLAY=/private/tmp/com.apple.launchd.TzvivINTtH/org.macosforge.xquartz:0

Signal Handlers:
SIGSEGV: [libjvm.dylib+0x579dc7], sa_mask[0]=11111111011111110111111111111111, sa_flags=SA_ONSTACK|SA_RESTART|SA_SIGINFO
SIGBUS: [libjvm.dylib+0x579dc7], sa_mask[0]=11111111011111110111111111111111, sa_flags=SA_RESTART|SA_SIGINFO
SIGFPE: [libjvm.dylib+0x45b030], sa_mask[0]=11111111011111110111111111111111, sa_flags=SA_RESTART|SA_SIGINFO
SIGPIPE: [libjvm.dylib+0x45b030], sa_mask[0]=11111111011111110111111111111111, sa_flags=SA_RESTART|SA_SIGINFO
SIGXFSZ: [libjvm.dylib+0x45b030], sa_mask[0]=11111111011111110111111111111111, sa_flags=SA_RESTART|SA_SIGINFO
SIGILL: [libjvm.dylib+0x45b030], sa_mask[0]=11111111011111110111111111111111, sa_flags=SA_RESTART|SA_SIGINFO
SIGUSR1: SIG_DFL, sa_mask[0]=00000000000000000000000000000000, sa_flags=none
SIGUSR2: [libjvm.dylib+0x45ab4e], sa_mask[0]=00100000000000000000000000000000, sa_flags=SA_RESTART|SA_SIGINFO
SIGHUP: [libjvm.dylib+0x459121], sa_mask[0]=11111111011111110111111111111111, sa_flags=SA_RESTART|SA_SIGINFO
SIGINT: [libjvm.dylib+0x459121], sa_mask[0]=11111111011111110111111111111111, sa_flags=SA_RESTART|SA_SIGINFO
SIGTERM: [libjvm.dylib+0x459121], sa_mask[0]=11111111011111110111111111111111, sa_flags=SA_RESTART|SA_SIGINFO
SIGQUIT: [libjvm.dylib+0x459121], sa_mask[0]=11111111011111110111111111111111, sa_flags=SA_RESTART|SA_SIGINFO


---------------  S Y S T E M  ---------------

OS:Bsduname:Darwin 14.3.0 Darwin Kernel Version 14.3.0: Mon Mar 23 11:59:05 PDT 2015; root:xnu-2782.20.48~5/RELEASE_X86_64 x86_64
rlimit: STACK 8192k, CORE 0k, NPROC 709, NOFILE 10240, AS infinity
load average:4.40 3.64 3.31

CPU:total 4 (2 cores per cpu, 2 threads per core) family 6 model 69 stepping 1, cmov, cx8, fxsr, mmx, sse, sse2, sse3, ssse3, sse4.1, sse4.2, popcnt, avx, avx2, aes, clmul, erms, lzcnt, ht, tsc, tscinvbit, bmi1, bmi2

Memory: 4k page, physical 8388608k(21524k free)

/proc/meminfo:


vm_info: Java HotSpot(TM) 64-Bit Server VM (25.25-b02) for bsd-amd64 JRE (1.8.0_25-b17), built on Sep 17 2014 16:56:50 by "java_re" with gcc 4.2.1 (Based on Apple Inc. build 5658) (LLVM build 2336.11.00)

time: Thu Jun 25 16:03:31 2015
elapsed time: 84 seconds (0d 0h 1m 24s)

